2019-12-29 11:54:09-log: preferences@1.0.0 enable
2019-12-29 11:54:13-log: Parse [C:/CocosCreator3D_1.0.1/resources/resources/3d/engine/index.ts] : walk 481  files.
2019-12-29 11:54:13-log: Parse [C:/CocosCreator3D_1.0.1/resources/resources/3d/engine/index.ts]: 2838.425ms
2019-12-29 11:54:13-log: QuickCompiler compileFinished: 59.056ms
2019-12-29 11:54:13-log: QuickCompiler rebuild finished: 3048.845ms
2019-12-29 11:54:13-log: engine@1.0.0 enable
2019-12-29 11:54:13-log: asset-db@1.0.0 enable
2019-12-29 11:54:13-log: console@1.0.0 enable
2019-12-29 11:54:13-log: scene@1.0.0 enable
2019-12-29 11:54:13-log: ui-kit@1.0.0 enable
2019-12-29 11:54:13-log: assets@1.0.0 enable
2019-12-29 11:54:13-log: inspector@1.0.0 enable
2019-12-29 11:54:13-log: hierarchy@1.0.0 enable
2019-12-29 11:54:13-log: packager@1.0.0 enable
2019-12-29 11:54:13-log: project-setting@1.0.0 enable
2019-12-29 11:54:13-log: preview@1.0.0 enable
2019-12-29 11:54:14-log: builder@1.0.0 enable
2019-12-29 11:54:14-log: animator@1.0.0 enable
2019-12-29 11:54:14-log: about@1.0.0 enable
2019-12-29 11:54:14-log: tester@1.0.0 enable
2019-12-29 11:54:14-log: ipc@1.0.0 enable
2019-12-29 11:54:14-log: profile@1.0.0 enable
2019-12-29 11:55:34-info: asset(E:\3dgame\cube\assets\New Scene.scene) saved
